
eiffel-2048: system execution failed.
Following is the set of recorded exceptions:

-------------------------------------------------------------------------------
Class / Object      Routine                Nature of exception           Effect
-------------------------------------------------------------------------------
APP_2048            make @11               make:                        
<0000000004038588>                         Feature call on void target.  Fail
-------------------------------------------------------------------------------
APP_2048            make @11                                            
<0000000004038588>                         Routine failure.              Fail
-------------------------------------------------------------------------------
APP_2048            root's creation                                     
<0000000004038588>                         Routine failure.              Exit
-------------------------------------------------------------------------------

eiffel-2048: system execution failed.
Following is the set of recorded exceptions:

-------------------------------------------------------------------------------
Class / Object      Routine                Nature of exception           Effect
-------------------------------------------------------------------------------
ARRAY2              item @1                valid_row:                   
<00000000040B1F08>                         Precondition violated.        Fail
-------------------------------------------------------------------------------
CONTROLLER_2048     set_free_cell_right @19
<00000000040B2388>                         Routine failure.              Fail
-------------------------------------------------------------------------------
CONTROLLER_2048     right @30                                           
<00000000040B2388>                         Routine failure.              Fail
-------------------------------------------------------------------------------
APP_2048            play @27                                            
<00000000040B05E8>                         Routine failure.              Fail
-------------------------------------------------------------------------------
APP_2048            make @3                                             
<00000000040B05E8>                         Routine failure.              Fail
-------------------------------------------------------------------------------
APP_2048            root's creation                                     
<00000000040B05E8>                         Routine failure.              Exit
-------------------------------------------------------------------------------

eiffel-2048: system execution failed.
Following is the set of recorded exceptions:

-------------------------------------------------------------------------------
Class / Object      Routine                Nature of exception           Effect
-------------------------------------------------------------------------------
ARRAY2              item @2                valid_column:                
<0000000004052A48>                         Precondition violated.        Fail
-------------------------------------------------------------------------------
CONTROLLER_2048     set_free_cell_up @19                                
<0000000004052AD8>                         Routine failure.              Fail
-------------------------------------------------------------------------------
CONTROLLER_2048     up @34                                              
<0000000004052AD8>                         Routine failure.              Fail
-------------------------------------------------------------------------------
APP_2048            play @31                                            
<00000000040505E8>                         Routine failure.              Fail
-------------------------------------------------------------------------------
APP_2048            make @3                                             
<00000000040505E8>                         Routine failure.              Fail
-------------------------------------------------------------------------------
APP_2048            root's creation                                     
<00000000040505E8>                         Routine failure.              Exit
-------------------------------------------------------------------------------
