
eiffel-2048: PANIC: main entry point vanished ...

eiffel-2048: system execution failed.
Following is the set of recorded exceptions.
NB: The raised panic may have induced completely inconsistent information:

-------------------------------------------------------------------------------
Class / Object      Routine                Nature of exception           Effect
-------------------------------------------------------------------------------
APP_2048            root's creation        Ctrl-Break:                  
<0000000000C40400>                         Operating system signal.      Exit
-------------------------------------------------------------------------------
APP_2048            root's creation                                     
<0000000000C40400>                         Routine failure.              Exit
-------------------------------------------------------------------------------
APP_2048            root's creation        Unhandled exception:         
<0000000000C40400>                         External event.               Exit
-------------------------------------------------------------------------------
APP_2048            root's creation        main entry point vanished:   
<0000000000C40400>                         Eiffel run-time panic.        Bye
-------------------------------------------------------------------------------

eiffel-2048: dumping core to generate debugging information...

eiffel-2048: PANIC: main entry point vanished ...

eiffel-2048: system execution failed.
Following is the set of recorded exceptions.
NB: The raised panic may have induced completely inconsistent information:

-------------------------------------------------------------------------------
Class / Object      Routine                Nature of exception           Effect
-------------------------------------------------------------------------------
APP_2048            root's creation        Ctrl-Break:                  
<0000000000A30400>                         Operating system signal.      Exit
-------------------------------------------------------------------------------
APP_2048            root's creation                                     
<0000000000A30400>                         Routine failure.              Exit
-------------------------------------------------------------------------------
APP_2048            root's creation        Unhandled exception:         
<0000000000A30400>                         External event.               Exit
-------------------------------------------------------------------------------
APP_2048            root's creation        main entry point vanished:   
<0000000000A30400>                         Eiffel run-time panic.        Bye
-------------------------------------------------------------------------------

eiffel-2048: dumping core to generate debugging information...

eiffel-2048: PANIC CASCADE: Unexpected harmful signal (Segmentation violation) -- Giving up...

eiffel-2048: PANIC: main entry point vanished ...

eiffel-2048: system execution failed.
Following is the set of recorded exceptions.
NB: The raised panic may have induced completely inconsistent information:

-------------------------------------------------------------------------------
Class / Object      Routine                Nature of exception           Effect
-------------------------------------------------------------------------------
APP_2048            root's creation        Ctrl-Break:                  
<0000000000D00400>                         Operating system signal.      Exit
-------------------------------------------------------------------------------
APP_2048            root's creation                                     
<0000000000D00400>                         Routine failure.              Exit
-------------------------------------------------------------------------------
APP_2048            root's creation        Unhandled exception:         
<0000000000D00400>                         External event.               Exit
-------------------------------------------------------------------------------
APP_2048            root's creation        main entry point vanished:   
<0000000000D00400>                         Eiffel run-time panic.        Bye
-------------------------------------------------------------------------------

eiffel-2048: dumping core to generate debugging information...

eiffel-2048: PANIC: main entry point vanished ...

eiffel-2048: system execution failed.
Following is the set of recorded exceptions.
NB: The raised panic may have induced completely inconsistent information:

-------------------------------------------------------------------------------
Class / Object      Routine                Nature of exception           Effect
-------------------------------------------------------------------------------
APP_2048            root's creation        Ctrl-Break:                  
<0000000000B60400>                         Operating system signal.      Exit
-------------------------------------------------------------------------------
APP_2048            root's creation                                     
<0000000000B60400>                         Routine failure.              Exit
-------------------------------------------------------------------------------
APP_2048            root's creation        Unhandled exception:         
<0000000000B60400>                         External event.               Exit
-------------------------------------------------------------------------------
APP_2048            root's creation        main entry point vanished:   
<0000000000B60400>                         Eiffel run-time panic.        Bye
-------------------------------------------------------------------------------

eiffel-2048: dumping core to generate debugging information...

eiffel-2048: PANIC CASCADE: Unexpected harmful signal (Segmentation violation) -- Giving up...

eiffel-2048: PANIC: main entry point vanished ...

eiffel-2048: system execution failed.
Following is the set of recorded exceptions.
NB: The raised panic may have induced completely inconsistent information:

-------------------------------------------------------------------------------
Class / Object      Routine                Nature of exception           Effect
-------------------------------------------------------------------------------
APP_2048            root's creation        Ctrl-Break:                  
<0000000000B70400>                         Operating system signal.      Exit
-------------------------------------------------------------------------------
APP_2048            root's creation                                     
<0000000000B70400>                         Routine failure.              Exit
-------------------------------------------------------------------------------
APP_2048            root's creation        Unhandled exception:         
<0000000000B70400>                         External event.               Exit
-------------------------------------------------------------------------------
APP_2048            root's creation        main entry point vanished:   
<0000000000B70400>                         Eiffel run-time panic.        Bye
-------------------------------------------------------------------------------

eiffel-2048: dumping core to generate debugging information...

eiffel-2048: PANIC: main entry point vanished ...

eiffel-2048: system execution failed.
Following is the set of recorded exceptions.
NB: The raised panic may have induced completely inconsistent information:

-------------------------------------------------------------------------------
Class / Object      Routine                Nature of exception           Effect
-------------------------------------------------------------------------------
APP_2048            root's creation        Ctrl-Break:                  
<0000000000B90400>                         Operating system signal.      Exit
-------------------------------------------------------------------------------
APP_2048            root's creation                                     
<0000000000B90400>                         Routine failure.              Exit
-------------------------------------------------------------------------------
APP_2048            root's creation        Unhandled exception:         
<0000000000B90400>                         External event.               Exit
-------------------------------------------------------------------------------
APP_2048            root's creation        main entry point vanished:   
<0000000000B90400>                         Eiffel run-time panic.        Bye
-------------------------------------------------------------------------------

eiffel-2048: dumping core to generate debugging information...
